C51 COMPILER V9.56.0.0   APP_WORK                                                          07/06/2017 22:09:55 PAGE 1   


C51 COMPILER V9.56.0.0, COMPILATION OF MODULE APP_WORK
OBJECT MODULE PLACED IN .\Out\Objects\app_work.obj
COMPILER INVOKED BY: C:\Keil_v5\C51\BIN\C51.EXE ..\App\src\app_work.c LARGE OPTIMIZE(8,SPEED) BROWSE INCDIR(..\Common\in
                    -c;..\App\inc;..\Bsp\inc;..\Startup;..\Bsp) DEFINE(FOSC_110592) DEBUG OBJECTEXTEND PRINT(.\Out\Listings\app_work.lst) OBJ
                    -ECT(.\Out\Objects\app_work.obj)

line level    source

   1          /*
   2           * app_work.c
   3           *
   4           *  Created on: 2017Äê7ÔÂ6ÈÕ
   5           *      Author: admin
   6           */
   7          
   8          #include "app.h"
   9          
  10          static WORK_T g_tWork;
  11          static uint8_t count_NoAction;
  12          
  13          void work_Init(void) {
  14   1              g_tWork.mode = E_Simple_metering_mode;
  15   1              g_tWork.reps_mode = 0;
  16   1              g_tWork.reps_num = 0;
  17   1              g_tWork.pulls_num = 0;
  18   1              g_tWork.cal_num = 0;
  19   1      
  20   1              count_NoAction = 0;
  21   1      }
  22          
  23          void app_work_1s_pro(void) {
  24   1              if (count_NoAction < 255) {
  25   2                      count_NoAction++;
  26   2              }
  27   1      
  28   1      }
  29          


MODULE INFORMATION:   STATIC OVERLAYABLE
   CODE SIZE        =     35    ----
   CONSTANT SIZE    =   ----    ----
   XDATA SIZE       =      8    ----
   PDATA SIZE       =   ----    ----
   DATA SIZE        =   ----    ----
   IDATA SIZE       =   ----    ----
   BIT SIZE         =   ----    ----
END OF MODULE INFORMATION.


C51 COMPILATION COMPLETE.  0 WARNING(S),  0 ERROR(S)
