C51 COMPILER V9.56.0.0   APP_BATTERY                                                       07/28/2017 23:49:07 PAGE 1   


C51 COMPILER V9.56.0.0, COMPILATION OF MODULE APP_BATTERY
OBJECT MODULE PLACED IN .\Out\Objects\app_battery.obj
COMPILER INVOKED BY: C:\Keil_v5\C51\BIN\C51.EXE ..\App\src\app_battery.c LARGE OPTIMIZE(8,SPEED) BROWSE INCDIR(..\Common
                    -\inc;..\App\inc;..\Bsp\inc;..\Startup;..\Bsp) DEFINE(FOSC_110592) DEBUG OBJECTEXTEND PRINT(.\Out\Listings\app_battery.ls
                    -t) OBJECT(.\Out\Objects\app_battery.obj)

line level    source

   1          /*
   2           * app_battery.c
   3           *
   4           *  Created on: 2017Äê7ÔÂ28ÈÕ
   5           *      Author: fly
   6           */
   7          
   8          #include "app.h"
   9          
  10          
  11          void app_battery_Init(void) {
  12   1      
  13   1      }
  14          
  15          static void app_battery_detection(void) {
  16   1      
  17   1              P01 = 0;
  18   1              nop
  19   1              set_ADCS;  //Trigger ADC start conversion
  20   1      }
  21          
  22          void app_battery_1s_pro(void) {
  23   1               static idata uint8_t   cnt = 0;
  24   1      
  25   1              cnt++;
  26   1              if (cnt >= 5) {
  27   2                      cnt = 0;
  28   2                      app_battery_detection();
  29   2              }
  30   1      
  31   1      }


MODULE INFORMATION:   STATIC OVERLAYABLE
   CODE SIZE        =     22    ----
   CONSTANT SIZE    =   ----    ----
   XDATA SIZE       =   ----    ----
   PDATA SIZE       =   ----    ----
   DATA SIZE        =   ----    ----
   IDATA SIZE       =      1    ----
   BIT SIZE         =   ----    ----
END OF MODULE INFORMATION.


C51 COMPILATION COMPLETE.  0 WARNING(S),  0 ERROR(S)
