C51 COMPILER V9.56.0.0   APP_CHARGE                                                        07/26/2017 23:00:44 PAGE 1   


C51 COMPILER V9.56.0.0, COMPILATION OF MODULE APP_CHARGE
OBJECT MODULE PLACED IN .\Out\Objects\app_charge.obj
COMPILER INVOKED BY: C:\Keil_v5\C51\BIN\C51.EXE ..\App\src\app_charge.c LARGE OPTIMIZE(8,SPEED) BROWSE INCDIR(..\Common\
                    -inc;..\App\inc;..\Bsp\inc;..\Startup;..\Bsp) DEFINE(FOSC_110592) DEBUG OBJECTEXTEND PRINT(.\Out\Listings\app_charge.lst)
                    - OBJECT(.\Out\Objects\app_charge.obj)

line level    source

   1          /*
   2           * app_charge.c
   3           *
   4           *  Created on: 2017Äê7ÔÂ12ÈÕ
   5           *      Author: fly
   6           */
   7          
   8          #include "app.h"
   9          
  10          CHARGE_T g_tCharge;
  11          
  12          void app_charge_Init(void) {
  13   1      
  14   1              g_tCharge.count = 0;
  15   1      }
  16          
  17          void app_charge_100ms_pro(void) {
  18   1              static BIT flag = 0;
  19   1      
  20   1              if (g_tDevice.status == E_PowerDown) {
  21   2                      LCD_Clear_Battery_ICO();
  22   2                      return;
  23   2              }
  24   1      
  25   1              g_tCharge.count++;
  26   1              switch (g_tCharge.status) {
  27   2              case E_NeedCharge:
  28   2                      if (g_tCharge.count >= 5) {
  29   3                              g_tCharge.count = 0;
  30   3      
  31   3                              if (flag) {
  32   4                                      flag = 0;
  33   4                                      LCD_Show_Battery_ICO();
  34   4                              } else {
  35   4                                      flag = 1;
  36   4                                      LCD_Clear_Battery_ICO();
  37   4                              }
  38   3                      }
  39   2                      break;
  40   2              case E_InCharge:
  41   2                      if (g_tCharge.count >= 10) {
  42   3                              g_tCharge.count = 0;
  43   3      
  44   3                              if (flag) {
  45   4                                      flag = 0;
  46   4                                      LCD_Show_Battery_ICO();
  47   4                              } else {
  48   4                                      flag = 1;
  49   4                                      LCD_Clear_Battery_ICO();
  50   4                              }
  51   3                      }
  52   2                      break;
  53   2              case E_FullCharge:
C51 COMPILER V9.56.0.0   APP_CHARGE                                                        07/26/2017 23:00:44 PAGE 2   

  54   2                      if (g_tCharge.count >= 9) {
  55   3                              g_tCharge.count = 0;
  56   3      
  57   3                              LCD_Show_Battery_ICO();
  58   3                      }
  59   2                      break;
  60   2              case E_Discharge:
  61   2                      if (g_tCharge.count >= 9) {
  62   3                              g_tCharge.count = 0;
  63   3      
  64   3                              LCD_Clear_Battery_ICO();
  65   3                      }
  66   2                      break;
  67   2              }
  68   1      
  69   1      }
  70          
  71          void app_charge_1s_pro(void) {
  72   1      
  73   1              if (P50) {
  74   2                      g_tCharge.status = E_FullCharge;
  75   2              } else {
  76   2                      g_tCharge.status = E_InCharge;
  77   2              }
  78   1      
  79   1      }


MODULE INFORMATION:   STATIC OVERLAYABLE
   CODE SIZE        =    124    ----
   CONSTANT SIZE    =   ----    ----
   XDATA SIZE       =      2    ----
   PDATA SIZE       =   ----    ----
   DATA SIZE        =   ----    ----
   IDATA SIZE       =   ----    ----
   BIT SIZE         =      1    ----
END OF MODULE INFORMATION.


C51 COMPILATION COMPLETE.  0 WARNING(S),  0 ERROR(S)
