C51 COMPILER V9.56.0.0   BSP_ADC                                                           07/29/2017 23:42:29 PAGE 1   


C51 COMPILER V9.56.0.0, COMPILATION OF MODULE BSP_ADC
OBJECT MODULE PLACED IN .\Out\Objects\bsp_adc.obj
COMPILER INVOKED BY: C:\Keil_v5\C51\BIN\C51.EXE ..\Bsp\src\bsp_adc.c LARGE OPTIMIZE(8,SPEED) BROWSE INCDIR(..\Common\inc
                    -;..\App\inc;..\Bsp\inc;..\Startup;..\Bsp) DEFINE(FOSC_110592) DEBUG OBJECTEXTEND PRINT(.\Out\Listings\bsp_adc.lst) OBJEC
                    -T(.\Out\Objects\bsp_adc.obj)

line level    source

   1          /*
   2           * bsp_adc.c
   3           *
   4           *  Created on: 2017Äê7ÔÂ7ÈÕ
   5           *      Author: admin
   6           */
   7          
   8          #include "bsp.h"
   9          
  10          void ADC_Init(void) {
  11   1      
  12   1      #if 0
              
                      P0M1 &= ~SET_BIT1;
                      P0M2 |= SET_BIT1;
                      set_P01;
              
                      set_ADCEN;
              
                      ADCCON0 = 0x00;                   //select ADC pin
                      set_P0M1_0;                       //set ADC pin is input only mode
                      clr_P0M2_0;
                      set_P00DIDS;                      //disable digital connection
              
                      clr_ADCDIV2;
                      set_ADCDIV1;
                      clr_ADCDIV0;
              
                      //////
              
                      set_ADCMPEN;
                      set_ADCMPOP;
              
                      ADCMPH = 0;
                      ADCMPL = 0;
              
                      EADC = 1;
              #endif
  39   1      }
  40          
  41          


MODULE INFORMATION:   STATIC OVERLAYABLE
   CODE SIZE        =      1    ----
   CONSTANT SIZE    =   ----    ----
   XDATA SIZE       =   ----    ----
   PDATA SIZE       =   ----    ----
   DATA SIZE        =   ----    ----
   IDATA SIZE       =   ----    ----
   BIT SIZE         =   ----    ----
END OF MODULE INFORMATION.


C51 COMPILATION COMPLETE.  0 WARNING(S),  0 ERROR(S)
