C51 COMPILER V9.56.0.0   BSP_TIMER0                                                        06/28/2017 23:18:36 PAGE 1   


C51 COMPILER V9.56.0.0, COMPILATION OF MODULE BSP_TIMER0
OBJECT MODULE PLACED IN .\Out\Objects\bsp_timer0.obj
COMPILER INVOKED BY: C:\Keil_v5\C51\BIN\C51.EXE ..\Bsp\src\bsp_timer0.c LARGE OPTIMIZE(8,SPEED) BROWSE INCDIR(..\Common\
                    -inc;..\App\inc;..\Bsp\inc;..\Startup;..\Bsp) DEFINE(FOSC_110592) DEBUG OBJECTEXTEND PRINT(.\Out\Listings\bsp_timer0.lst)
                    - OBJECT(.\Out\Objects\bsp_timer0.obj)

line level    source

   1          /*
   2           * bsp_timer0.c
   3           *
   4           *  Created on: 2017Äê6ÔÂ28ÈÕ
   5           *      Author: fly
   6           */
   7          
   8          #include "bsp.h"
   9          
  10          void Timer0_InitHard(void) {
  11   1      
  12   1              TMOD = 0x22;                  //Timer 0 and Timer 1 mode configuration
  13   1      
  14   1              TH0 = (256 - 50);            //initial counter values
  15   1              TL0 = (256 - 50);
  16   1              TH1 = (256 - 250);
  17   1              TL1 = (256 - 250);
  18   1      
  19   1              set_ET0;                                    //enable Timer0 interrupt
  20   1              set_ET1;                                    //enable Timer1 interrupt
  21   1              set_EA;                                     //enable interrupts
  22   1              set_TR0;                                    //Timer0 run
  23   1              set_TR1;                                    //Timer1 run
  24   1      
  25   1      }
  26          


MODULE INFORMATION:   STATIC OVERLAYABLE
   CODE SIZE        =     26    ----
   CONSTANT SIZE    =   ----    ----
   XDATA SIZE       =   ----    ----
   PDATA SIZE       =   ----    ----
   DATA SIZE        =   ----    ----
   IDATA SIZE       =   ----    ----
   BIT SIZE         =   ----    ----
END OF MODULE INFORMATION.


C51 COMPILATION COMPLETE.  0 WARNING(S),  0 ERROR(S)
