C51 COMPILER V9.56.0.0   BSP_DISPLAY                                                       06/27/2017 21:45:45 PAGE 1   


C51 COMPILER V9.56.0.0, COMPILATION OF MODULE BSP_DISPLAY
OBJECT MODULE PLACED IN .\Out\Objects\bsp_display.obj
COMPILER INVOKED BY: C:\Keil_v5\C51\BIN\C51.EXE ..\Bsp\src\bsp_display.c LARGE OPTIMIZE(4,SPEED) BROWSE INCDIR(..\Common
                    -\inc;..\App\inc;..\Bsp\inc;..\Startup;..\Bsp) DEFINE(FOSC_110592) DEBUG OBJECTEXTEND PRINT(.\Out\Listings\bsp_display.ls
                    -t) OBJECT(.\Out\Objects\bsp_display.obj)

line level    source

   1          /*
   2           * bsp_display.c
   3           *
   4           *  Created on: 2017Äê6ÔÂ26ÈÕ
   5           *      Author: fly
   6           */
   7          
   8          #include "bsp.h"
   9          
  10          


MODULE INFORMATION:   STATIC OVERLAYABLE
   CODE SIZE        =   ----    ----
   CONSTANT SIZE    =   ----    ----
   XDATA SIZE       =   ----    ----
   PDATA SIZE       =   ----    ----
   DATA SIZE        =   ----    ----
   IDATA SIZE       =   ----    ----
   BIT SIZE         =   ----    ----
END OF MODULE INFORMATION.


C51 COMPILATION COMPLETE.  0 WARNING(S),  0 ERROR(S)
