C51 COMPILER V9.56.0.0   BSP_BEEP                                                          07/14/2017 22:01:00 PAGE 1   


C51 COMPILER V9.56.0.0, COMPILATION OF MODULE BSP_BEEP
OBJECT MODULE PLACED IN .\Out\Objects\bsp_beep.obj
COMPILER INVOKED BY: C:\Keil_v5\C51\BIN\C51.EXE ..\Bsp\src\bsp_beep.c LARGE OPTIMIZE(8,SPEED) BROWSE INCDIR(..\Common\in
                    -c;..\App\inc;..\Bsp\inc;..\Startup;..\Bsp) DEFINE(FOSC_110592) DEBUG OBJECTEXTEND PRINT(.\Out\Listings\bsp_beep.lst) OBJ
                    -ECT(.\Out\Objects\bsp_beep.obj)

line level    source

   1          #include "bsp.h"
   2          
   3          static BEEP_T g_tBeep; /* 定义蜂鸣器全局结构体变量 */
   4          
   5          /*
   6           *********************************************************************************************************
   7           *      函 数 名: BEEP_InitHard
   8           *      功能说明: 初始化蜂鸣器硬件
   9           *      形    参：无
  10           *      返 回 值: 无
  11           *********************************************************************************************************
  12           */
  13          void BEEP_InitHard(void) {
  14   1      #if 1
  15   1              P3M1 &= ~SET_BIT0;
  16   1              P3M2 |= SET_BIT0;
  17   1      
  18   1              clr_P30;
  19   1      #endif
  20   1      
  21   1              /*  PWM period = (R2AH + R2AL) * Pre-scale / Fsys, Fsys = 11.0592MHz (HIRC)
  22   1               If R2AH = R2AL, PWM output 50% duty cycle
  23   1               Min frequency is about 20Hz, while Pre-scale = 1/1024 and R2AH = R2AL = 255
  24   1               Max frequency is around 5.5MHz, while Pre-scale = 1/1 and R2AH = R2AL = 1   */
  25   1      
  26   1              /* Determine Timer 2D pre-scalar */
  27   1              clr_T2DPS2;
  28   1              set_T2DPS1;
  29   1              set_T2DPS0;
  30   1      
  31   1              /* Determine Timer 2D Reload Low Byte */
  32   1              R2DL = 128;
  33   1              /* Determine Timer 2D Reload High Byte */
  34   1              R2DH = 128;
  35   1      
  36   1              /* Set T2D as PWM mode */
  37   1              set_T2DM;
  38   1      
  39   1              /* Enable Timer2D interrupt */
  40   1      //      set_ET2D;
  41   1      //      set_EA;
  42   1              /* set T2AO1(P1.5)/T2AO2(P1.6) pin to toggling output */
  43   1      //      set_T2DOE1;
  44   1      //      set_T2DOE2;
  45   1              /* start Timer2D */
  46   1              set_TR2D;
  47   1      
  48   1              g_tBeep.ucEnalbe = 0;
  49   1      
  50   1      }
  51          
  52          void BEEP_ENABLE() {
  53   1              set_T2DOE1;
C51 COMPILER V9.56.0.0   BSP_BEEP                                                          07/14/2017 22:01:00 PAGE 2   

  54   1              set_P30;
  55   1      }
  56          
  57          void BEEP_DISABLE() {
  58   1              clr_T2DOE1;
  59   1      
  60   1              clr_P30;
  61   1      
  62   1      }
  63          /*
  64           *********************************************************************************************************
  65           *      函 数 名: BEEP_Start
  66           *      功能说明: 启动蜂鸣音。
  67           *      形    参：  _usInitTime : 延时时间，单位10ms; beep响之前延时的时间; 0表示不延时
  68           *                _usBeepTime : 蜂鸣时间，单位10ms; 0 表示不鸣叫
  69           *                _usStopTime : 停止时间，单位10ms; 0 表示持续鸣叫
  70           *                _usCycle : 鸣叫次数， 0 表示持续鸣叫
  71           *      返 回 值: 无
  72           *********************************************************************************************************
  73           */
  74          void BEEP_Start(uint16_t _usDelayTime, uint16_t _usBeepTime,
  75                          uint16_t _usStopTime, uint16_t _usCycle) {
  76   1              if (_usBeepTime == 0) {
  77   2                      return;
  78   2              }
  79   1              g_tBeep.usDelayTime = _usDelayTime;
  80   1              g_tBeep.usBeepTime = _usBeepTime;
  81   1              g_tBeep.usStopTime = _usStopTime;
  82   1              g_tBeep.usCycle = _usCycle;
  83   1              g_tBeep.usCount = 0;
  84   1              g_tBeep.usCycleCount = 0;
  85   1              g_tBeep.ucState = 0;
  86   1              g_tBeep.ucEnalbe = 1; /* 设置完全局参数后再使能发声标志 */
  87   1      
  88   1              BEEP_ENABLE(); /* 开始发声 */
  89   1      }
  90          
  91          /*
  92           *********************************************************************************************************
  93           *      函 数 名: BEEP_Stop
  94           *      功能说明: 停止蜂鸣音。
  95           *      形    参：无
  96           *      返 回 值: 无
  97           *********************************************************************************************************
  98           */
  99          void BEEP_Stop(void) {
 100   1              g_tBeep.ucEnalbe = 0;
 101   1      
 102   1              BEEP_DISABLE(); /* 必须在清控制标志后再停止发声，避免停止后在中断中又开启 */
 103   1      }
 104          
 105          /*
 106           *********************************************************************************************************
 107           *      函 数 名: BEEP_KeyTone
 108           *      功能说明: 发送按键音
 109           *      形    参：无
 110           *      返 回 值: 无
 111           *********************************************************************************************************
 112           */
 113          void BEEP_KeyTone(void) {
 114   1              BEEP_Start(0, 5, 1, 1); /* 鸣叫50ms，停10ms， 1次 */
 115   1      }
C51 COMPILER V9.56.0.0   BSP_BEEP                                                          07/14/2017 22:01:00 PAGE 3   

 116          
 117          /*
 118           *********************************************************************************************************
 119           *      函 数 名: BEEP_Pro
 120           *      功能说明: 每隔10ms调用1次该函数，用于控制蜂鸣器发声。该函数在 bsp_timer.c 中被调用。
 121           *      形    参：无
 122           *      返 回 值: 无
 123           *********************************************************************************************************
 124           */
 125          void BEEP_Pro(void) {
 126   1              if ((g_tBeep.ucEnalbe == 0) || (g_tBeep.usStopTime == 0)) {
 127   2                      return;
 128   2              }
 129   1              if (g_tBeep.usDelayTime) {
 130   2                      g_tBeep.usDelayTime--;
 131   2                      return;
 132   2              }
 133   1      
 134   1              if (g_tBeep.ucState == 0) {
 135   2                      if (g_tBeep.usStopTime > 0) /* 间断发声 */
 136   2                      {
 137   3                              if (++g_tBeep.usCount >= g_tBeep.usBeepTime) {
 138   4                                      BEEP_DISABLE(); /* 停止发声 */
 139   4                                      g_tBeep.usCount = 0;
 140   4                                      g_tBeep.ucState = 1;
 141   4                              }
 142   3                      } else {
 143   3                              ; /* 不做任何处理，连续发声 */
 144   3                      }
 145   2              } else if (g_tBeep.ucState == 1) {
 146   2                      if (++g_tBeep.usCount >= g_tBeep.usStopTime) {
 147   3                              /* 连续发声时，直到调用stop停止为止 */
 148   3                              if (g_tBeep.usCycle > 0) {
 149   4                                      if (++g_tBeep.usCycleCount >= g_tBeep.usCycle) {
 150   5                                              /* 循环次数到，停止发声 */
 151   5                                              g_tBeep.ucEnalbe = 0;
 152   5                                      }
 153   4      
 154   4                                      if (g_tBeep.ucEnalbe == 0) {
 155   5                                              g_tBeep.usStopTime = 0;
 156   5                                              return;
 157   5                                      }
 158   4                              }
 159   3      
 160   3                              g_tBeep.usCount = 0;
 161   3                              g_tBeep.ucState = 0;
 162   3      
 163   3                              BEEP_ENABLE(); /* 开始发声 */
 164   3                      }
 165   2              }
 166   1      }
 167          


MODULE INFORMATION:   STATIC OVERLAYABLE
   CODE SIZE        =    344    ----
   CONSTANT SIZE    =   ----    ----
   XDATA SIZE       =     14       8
   PDATA SIZE       =   ----    ----
   DATA SIZE        =   ----    ----
   IDATA SIZE       =   ----    ----
   BIT SIZE         =   ----    ----
C51 COMPILER V9.56.0.0   BSP_BEEP                                                          07/14/2017 22:01:00 PAGE 4   

END OF MODULE INFORMATION.


C51 COMPILATION COMPLETE.  0 WARNING(S),  0 ERROR(S)
