C51 COMPILER V9.56.0.0   BSP_UART                                                          07/11/2017 22:20:48 PAGE 1   


C51 COMPILER V9.56.0.0, COMPILATION OF MODULE BSP_UART
OBJECT MODULE PLACED IN .\Out\Objects\bsp_uart.obj
COMPILER INVOKED BY: C:\Keil_v5\C51\BIN\C51.EXE ..\Bsp\src\bsp_uart.c LARGE OPTIMIZE(8,SPEED) BROWSE INCDIR(..\Common\in
                    -c;..\App\inc;..\Bsp\inc;..\Startup;..\Bsp) DEFINE(FOSC_110592) DEBUG OBJECTEXTEND PRINT(.\Out\Listings\bsp_uart.lst) OBJ
                    -ECT(.\Out\Objects\bsp_uart.obj)

line level    source

   1          /*
   2           * bsp_uart.c
   3           *
   4           *  Created on: 2017Äê6ÔÂ27ÈÕ
   5           *      Author: fly
   6           */
   7          
   8          #include "bsp.h"
   9          
  10          void Uart_InitHard(void) {
  11   1      
  12   1              P5M1 &= ~SET_BIT7;
  13   1              P5M2 |= SET_BIT7;
  14   1      
  15   1              InitialUART1_Timer3(9600);
  16   1      
  17   1      }
  18          


MODULE INFORMATION:   STATIC OVERLAYABLE
   CODE SIZE        =     17    ----
   CONSTANT SIZE    =   ----    ----
   XDATA SIZE       =   ----    ----
   PDATA SIZE       =   ----    ----
   DATA SIZE        =   ----    ----
   IDATA SIZE       =   ----    ----
   BIT SIZE         =   ----    ----
END OF MODULE INFORMATION.


C51 COMPILATION COMPLETE.  0 WARNING(S),  0 ERROR(S)
