C51 COMPILER V9.56.0.0   DELAY                                                             06/28/2017 23:18:36 PAGE 1   


C51 COMPILER V9.56.0.0, COMPILATION OF MODULE DELAY
OBJECT MODULE PLACED IN .\Out\Objects\Delay.obj
COMPILER INVOKED BY: C:\Keil_v5\C51\BIN\C51.EXE ..\Common\src\Delay.c LARGE OPTIMIZE(8,SPEED) BROWSE INCDIR(..\Common\in
                    -c;..\App\inc;..\Bsp\inc;..\Startup;..\Bsp) DEFINE(FOSC_110592) DEBUG OBJECTEXTEND PRINT(.\Out\Listings\Delay.lst) OBJECT
                    -(.\Out\Objects\Delay.obj)

line level    source

   1          /*--------------------------------------------------------------------------------------------------------
             --*/
   2          /*                                                                                                        
             - */
   3          /* Copyright(c) 2015 Nuvoton Technology Corp. All rights reserved.                                        
             - */
   4          /*                                                                                                        
             - */
   5          /*--------------------------------------------------------------------------------------------------------
             --*/
   6          
   7          //********************************************************************************************************
             -***
   8          //  Nuvoton Technoledge Corp. 
   9          //  Website: http://www.nuvoton.com
  10          //  E-Mail : MicroC-8bit@nuvoton.com
  11          //  Date   : Sep/1/2015
  12          //********************************************************************************************************
             -***
  13          
  14          #include <N76E616.h>
  15          #include "Version.h"
  16          #include "Typedef.h"
  17          #include "Define.h"
  18          #include "SFR_Macro.h"
  19          #include "Common.h"
  20          #include "Delay.h"
  21          #include "Display.h"
  22          
  23          #ifdef FOSC_110592
  24              #define VALUE_10us          65536-9     //9*12  /11.0592 = 10 uS, Timer Clock = Fsys/12
  25              #define VALUE_1ms           65536-923   //923*12/11.0592 = 1 mS,  Timer Clock = Fsys/12
  26              #define TM3_VALUE_10us      65536-28    //28*4  /11.0592 = 10 uS, Timer Clock = Fsys/4
  27              #define TM3_VALUE_1ms       65536-2765  //2765*4/11.0592 = 1 mS,  Timer Clock = Fsys/4
  28          #endif
  29          #ifdef FOSC_165888
                  #define VALUE_10us          65536-14    //15*12  /16.5888 = 10 uS, Timer Clock = Fsys/12
                  #define VALUE_1ms           65536-1382  //1536*12/16.5888 = 1 mS,  Timer Clock = Fsys/12
                  #define TM3_VALUE_10us      65536-42    //46*4   /16.5888 = 10 uS, Timer Clock = Fsys/4
                  #define TM3_VALUE_1ms       65536-4147  //4608*4 /16.5888 = 1 mS,  Timer Clock = Fsys/4
              #endif
  35          
  36          //-------------------------------------------------------------------------
  37          void Random_Delay(void) reentrant //reentrant --> 在中斷 ISR 調用此 function 時候
  38          {
  39   1          UINT32 u32CNT,u32Tmp;
  40   1          
  41   1          for (u32CNT=0;u32CNT<0x0000FFFF;u32CNT++)
  42   1          {
  43   2              u32Tmp ++;
  44   2          }
  45   1      }
  46          //-------------------------------------------------------------------------
C51 COMPILER V9.56.0.0   DELAY                                                             06/28/2017 23:18:36 PAGE 2   

  47          void Delay10us(UINT16 u16CNT)
  48          {
  49   1          clr_T0M;                                //T0M=0, Timer0 Clock = Fsys/12
  50   1          TMOD |= 0x01;                           //Timer0 is 16-bit mode
  51   1          set_TR0;                                //Trigger Timer0
  52   1          while (u16CNT != 0)
  53   1          {
  54   2              TL0 = LOBYTE(VALUE_10us);   
  55   2              TH0 = HIBYTE(VALUE_10us);
  56   2              while (TF0 != 1);                   //Check Timer0 Time-Out Flag
  57   2              clr_TF0;
  58   2              u16CNT --;
  59   2          }
  60   1          clr_TR0;                                //Stop the Timer0
  61   1      }
  62          //------------------------------------------------------------------------------
  63          void Timer0_Delay1ms(UINT32 u32CNT)
  64          {
  65   1          clr_T0M;                                //T0M=0, Timer0 Clock = Fsys/12
  66   1          TMOD |= 0x01;                           //Timer0 is 16-bit mode
  67   1          set_TR0;                                //Trigger Timer0
  68   1          while (u32CNT != 0)
  69   1          {
  70   2              TL0 = LOBYTE(VALUE_1ms); 
  71   2              TH0 = HIBYTE(VALUE_1ms);
  72   2              while (TF0 != 1);                   //Check Timer0 Time-Out Flag
  73   2              clr_TF0;
  74   2              u32CNT --;
  75   2          }
  76   1          clr_TR0;                                //Stop the Timer0
  77   1      }
  78          //------------------------------------------------------------------------------
  79          void Timer1_Delay1ms(UINT32 u32CNT)
  80          {
  81   1          clr_T1M;                                //T1M=0, Timer1 Clock = Fsys/12
  82   1          TMOD |= 0x10;                           //Timer1 is 16-bit mode
  83   1          set_TR1;                                //Trigger Timer1
  84   1          while (u32CNT != 0)
  85   1          {
  86   2              TL1 = LOBYTE(VALUE_1ms); 
  87   2              TH1 = HIBYTE(VALUE_1ms);
  88   2              while (TF1 != 1);                   //Check Timer1 Time-Out Flag
  89   2              clr_TF1;
  90   2              u32CNT --;
  91   2          }
  92   1          clr_TR1;                                //Stop the Timer1
  93   1      }
  94          //------------------------------------------------------------------------------
  95          void Timer3_Delay1ms(UINT32 u32CNT)
  96          {
  97   1          T3CON = 0x02;                           //Timer3 Clock = Fsys/4
  98   1          set_TR3;                                //Trigger Timer3
  99   1          while (u32CNT != 0)
 100   1          {
 101   2              R3L = LOBYTE(TM3_VALUE_1ms); 
 102   2              R3H = HIBYTE(TM3_VALUE_1ms);
 103   2              while ((T3CON&SET_BIT4) != SET_BIT4);//Check Timer3 Time-Out Flag
 104   2              clr_TF3;
 105   2              u32CNT --;
 106   2          }
 107   1          clr_TR3;                                //Stop the Timer3
 108   1      }
C51 COMPILER V9.56.0.0   DELAY                                                             06/28/2017 23:18:36 PAGE 3   

 109          //------------------------------------------------------------------------------
 110          void WakeUp_Timer_Delay25ms(UINT32 u32CNT)  //Clock source is 10KHz
 111          {
 112   1          clr_WKPS2;                              //Clock Divider Scale is 1
 113   1          clr_WKPS1;
 114   1          clr_WKPS0;
 115   1          
 116   1          RWK = 0x00;
 117   1          
 118   1          clr_WKTCK;                              //WDT Clock source is form LIRC (10KHz)
 119   1          set_WKTR;                               //Trigger Watch Dog Timer
 120   1          while (u32CNT != 0)
 121   1          {
 122   2              while ((WKCON&SET_BIT4) != SET_BIT4);//Check Time-Out Flag
 123   2              clr_WKTF;
 124   2              u32CNT --;
 125   2          }
 126   1          clr_WKTR;                              //Stop the Watch Dog Timer
 127   1      }


MODULE INFORMATION:   STATIC OVERLAYABLE
   CODE SIZE        =    530    ----
   CONSTANT SIZE    =   ----    ----
   XDATA SIZE       =   ----      16
   PDATA SIZE       =   ----    ----
   DATA SIZE        =   ----    ----
   IDATA SIZE       =   ----    ----
   BIT SIZE         =   ----    ----
END OF MODULE INFORMATION.


C51 COMPILATION COMPLETE.  0 WARNING(S),  0 ERROR(S)
